Code/Polar/polar/build/intermediates/manifest_merge_blame_file/sdkRelease/manifest-merger-blame-sdk-release-report.txt
1<?xml version="1.0" encoding="utf-8"?>
2<manifest xmlns:android="http://schemas.android.com/apk/res/android"
3    package="com.polar.androidcommunications" >
4
5    <uses-sdk android:minSdkVersion="24" />
5-->sdk/release/tempAndroidManifest17649861737464751761.xml
6
7</manifest>